2018-03-30 17:22:45.341  INFO 1512 --- [restartedMain] com.mongodb.OrderApplication             : Starting OrderApplication on P-V-4 with PID 1512 (D:\Intellij-work\order\target\classes started by Administrator in D:\Intellij-work\order)
2018-03-30 17:22:45.342  INFO 1512 --- [restartedMain] com.mongodb.OrderApplication             : The following profiles are active: dev
2018-03-30 17:22:45.546  INFO 1512 --- [restartedMain] ationConfigEmbeddedWebApplicationContext : Refreshing org.springframework.boot.context.embedded.AnnotationConfigEmbeddedWebApplicationContext@5e0c6e2e: startup date [Fri Mar 30 17:22:45 CST 2018]; root of context hierarchy
2018-03-30 17:22:47.118  INFO 1512 --- [restartedMain] trationDelegate$BeanPostProcessorChecker : Bean 'org.springframework.security.config.annotation.configuration.ObjectPostProcessorConfiguration' of type [org.springframework.security.config.annotation.configuration.ObjectPostProcessorConfiguration$$EnhancerBySpringCGLIB$$fe9f0c82] is not eligible for getting processed by all BeanPostProcessors (for example: not eligible for auto-proxying)
2018-03-30 17:22:47.129  INFO 1512 --- [restartedMain] trationDelegate$BeanPostProcessorChecker : Bean 'objectPostProcessor' of type [org.springframework.security.config.annotation.configuration.AutowireBeanFactoryObjectPostProcessor] is not eligible for getting processed by all BeanPostProcessors (for example: not eligible for auto-proxying)
2018-03-30 17:22:47.131  INFO 1512 --- [restartedMain] trationDelegate$BeanPostProcessorChecker : Bean 'org.springframework.security.access.expression.method.DefaultMethodSecurityExpressionHandler@1d4d8af3' of type [org.springframework.security.access.expression.method.DefaultMethodSecurityExpressionHandler] is not eligible for getting processed by all BeanPostProcessors (for example: not eligible for auto-proxying)
2018-03-30 17:22:47.138  INFO 1512 --- [restartedMain] trationDelegate$BeanPostProcessorChecker : Bean 'org.springframework.security.config.annotation.method.configuration.GlobalMethodSecurityConfiguration' of type [org.springframework.security.config.annotation.method.configuration.GlobalMethodSecurityConfiguration$$EnhancerBySpringCGLIB$$2373af34] is not eligible for getting processed by all BeanPostProcessors (for example: not eligible for auto-proxying)
2018-03-30 17:22:47.145  INFO 1512 --- [restartedMain] trationDelegate$BeanPostProcessorChecker : Bean 'methodSecurityMetadataSource' of type [org.springframework.security.access.method.DelegatingMethodSecurityMetadataSource] is not eligible for getting processed by all BeanPostProcessors (for example: not eligible for auto-proxying)
2018-03-30 17:22:47.519  INFO 1512 --- [restartedMain] s.b.c.e.t.TomcatEmbeddedServletContainer : Tomcat initialized with port(s): 8080 (http)
2018-03-30 17:22:47.525  INFO 1512 --- [restartedMain] o.apache.catalina.core.StandardService   : Starting service [Tomcat]
2018-03-30 17:22:47.526  INFO 1512 --- [restartedMain] org.apache.catalina.core.StandardEngine  : Starting Servlet Engine: Apache Tomcat/8.5.23
2018-03-30 17:22:47.588  INFO 1512 --- [localhost-startStop-1] o.a.c.c.C.[Tomcat].[localhost].[/]       : Initializing Spring embedded WebApplicationContext
2018-03-30 17:22:47.588  INFO 1512 --- [localhost-startStop-1] o.s.web.context.ContextLoader            : Root WebApplicationContext: initialization completed in 2045 ms
2018-03-30 17:22:47.796  INFO 1512 --- [localhost-startStop-1] o.s.b.w.servlet.FilterRegistrationBean   : Mapping filter: 'characterEncodingFilter' to: [/*]
2018-03-30 17:22:47.797  INFO 1512 --- [localhost-startStop-1] o.s.b.w.servlet.FilterRegistrationBean   : Mapping filter: 'hiddenHttpMethodFilter' to: [/*]
2018-03-30 17:22:47.797  INFO 1512 --- [localhost-startStop-1] o.s.b.w.servlet.FilterRegistrationBean   : Mapping filter: 'httpPutFormContentFilter' to: [/*]
2018-03-30 17:22:47.798  INFO 1512 --- [localhost-startStop-1] o.s.b.w.servlet.FilterRegistrationBean   : Mapping filter: 'requestContextFilter' to: [/*]
2018-03-30 17:22:47.798  INFO 1512 --- [localhost-startStop-1] .s.DelegatingFilterProxyRegistrationBean : Mapping filter: 'springSecurityFilterChain' to: [/*]
2018-03-30 17:22:47.799  INFO 1512 --- [localhost-startStop-1] o.s.b.w.servlet.ServletRegistrationBean  : Mapping servlet: 'dispatcherServlet' to [/]
2018-03-30 17:22:48.118  INFO 1512 --- [restartedMain] org.mongodb.driver.cluster               : Cluster created with settings {hosts=[49.4.70.64:27017], mode=SINGLE, requiredClusterType=UNKNOWN, serverSelectionTimeout='30000 ms', maxWaitQueueSize=500}
2018-03-30 17:22:48.329  INFO 1512 --- [cluster-ClusterId{value='5abe01e8bfb5ad05e8c3229b', description='null'}-49.4.70.64:27017] org.mongodb.driver.connection            : Opened connection [connectionId{localValue:1, serverValue:23}] to 49.4.70.64:27017
2018-03-30 17:22:48.375  INFO 1512 --- [cluster-ClusterId{value='5abe01e8bfb5ad05e8c3229b', description='null'}-49.4.70.64:27017] org.mongodb.driver.cluster               : Monitor thread successfully connected to server with description ServerDescription{address=49.4.70.64:27017, type=STANDALONE, state=CONNECTED, ok=true, version=ServerVersion{versionList=[3, 6, 3]}, minWireVersion=0, maxWireVersion=6, maxDocumentSize=16777216, roundTripTimeNanos=42542957}
2018-03-30 17:22:48.722  INFO 1512 --- [restartedMain] s.w.s.m.m.a.RequestMappingHandlerMapping : Mapped "{[/v2/api-docs],methods=[GET],produces=[application/json || application/hal+json]}" onto public org.springframework.http.ResponseEntity<springfox.documentation.spring.web.json.Json> springfox.documentation.swagger2.web.Swagger2Controller.getDocumentation(java.lang.String,javax.servlet.http.HttpServletRequest)
2018-03-30 17:22:48.726  INFO 1512 --- [restartedMain] s.w.s.m.m.a.RequestMappingHandlerMapping : Mapped "{[/swagger-resources/configuration/security]}" onto org.springframework.http.ResponseEntity<springfox.documentation.swagger.web.SecurityConfiguration> springfox.documentation.swagger.web.ApiResourceController.securityConfiguration()
2018-03-30 17:22:48.727  INFO 1512 --- [restartedMain] s.w.s.m.m.a.RequestMappingHandlerMapping : Mapped "{[/swagger-resources]}" onto org.springframework.http.ResponseEntity<java.util.List<springfox.documentation.swagger.web.SwaggerResource>> springfox.documentation.swagger.web.ApiResourceController.swaggerResources()
2018-03-30 17:22:48.727  INFO 1512 --- [restartedMain] s.w.s.m.m.a.RequestMappingHandlerMapping : Mapped "{[/swagger-resources/configuration/ui]}" onto org.springframework.http.ResponseEntity<springfox.documentation.swagger.web.UiConfiguration> springfox.documentation.swagger.web.ApiResourceController.uiConfiguration()
2018-03-30 17:22:48.729  INFO 1512 --- [restartedMain] s.w.s.m.m.a.RequestMappingHandlerMapping : Mapped "{[/error]}" onto public org.springframework.http.ResponseEntity<java.util.Map<java.lang.String, java.lang.Object>> org.springframework.boot.autoconfigure.web.BasicErrorController.error(javax.servlet.http.HttpServletRequest)
2018-03-30 17:22:48.730  INFO 1512 --- [restartedMain] s.w.s.m.m.a.RequestMappingHandlerMapping : Mapped "{[/error],produces=[text/html]}" onto public org.springframework.web.servlet.ModelAndView org.springframework.boot.autoconfigure.web.BasicErrorController.errorHtml(javax.servlet.http.HttpServletRequest,javax.servlet.http.HttpServletResponse)
2018-03-30 17:22:49.130  INFO 1512 --- [restartedMain] s.w.s.m.m.a.RequestMappingHandlerAdapter : Looking for @ControllerAdvice: org.springframework.boot.context.embedded.AnnotationConfigEmbeddedWebApplicationContext@5e0c6e2e: startup date [Fri Mar 30 17:22:45 CST 2018]; root of context hierarchy
2018-03-30 17:22:49.180  INFO 1512 --- [restartedMain] o.s.w.s.handler.SimpleUrlHandlerMapping  : Mapped URL path [/login] onto handler of type [class org.springframework.web.servlet.mvc.ParameterizableViewController]
2018-03-30 17:22:49.181  INFO 1512 --- [restartedMain] o.s.w.s.handler.SimpleUrlHandlerMapping  : Mapped URL path [/main] onto handler of type [class org.springframework.web.servlet.mvc.ParameterizableViewController]
2018-03-30 17:22:49.181  INFO 1512 --- [restartedMain] o.s.w.s.handler.SimpleUrlHandlerMapping  : Mapped URL path [/error] onto handler of type [class org.springframework.web.servlet.mvc.ParameterizableViewController]
2018-03-30 17:22:49.181  INFO 1512 --- [restartedMain] o.s.w.s.handler.SimpleUrlHandlerMapping  : Mapped URL path [/home] onto handler of type [class org.springframework.web.servlet.mvc.ParameterizableViewController]
2018-03-30 17:22:49.181  INFO 1512 --- [restartedMain] o.s.w.s.handler.SimpleUrlHandlerMapping  : Mapped URL path [/upload] onto handler of type [class org.springframework.web.servlet.mvc.ParameterizableViewController]
2018-03-30 17:22:49.181  INFO 1512 --- [restartedMain] o.s.w.s.handler.SimpleUrlHandlerMapping  : Mapped URL path [/dictList] onto handler of type [class org.springframework.web.servlet.mvc.ParameterizableViewController]
2018-03-30 17:22:49.181  INFO 1512 --- [restartedMain] o.s.w.s.handler.SimpleUrlHandlerMapping  : Mapped URL path [/userRoleList] onto handler of type [class org.springframework.web.servlet.mvc.ParameterizableViewController]
2018-03-30 17:22:49.181  INFO 1512 --- [restartedMain] o.s.w.s.handler.SimpleUrlHandlerMapping  : Mapped URL path [/groupList] onto handler of type [class org.springframework.web.servlet.mvc.ParameterizableViewController]
2018-03-30 17:22:49.181  INFO 1512 --- [restartedMain] o.s.w.s.handler.SimpleUrlHandlerMapping  : Mapped URL path [/userList] onto handler of type [class org.springframework.web.servlet.mvc.ParameterizableViewController]
2018-03-30 17:22:49.181  INFO 1512 --- [restartedMain] o.s.w.s.handler.SimpleUrlHandlerMapping  : Mapped URL path [/treeList] onto handler of type [class org.springframework.web.servlet.mvc.ParameterizableViewController]
2018-03-30 17:22:49.181  INFO 1512 --- [restartedMain] o.s.w.s.handler.SimpleUrlHandlerMapping  : Mapped URL path [/diningTable] onto handler of type [class org.springframework.web.servlet.mvc.ParameterizableViewController]
2018-03-30 17:22:49.181  INFO 1512 --- [restartedMain] o.s.w.s.handler.SimpleUrlHandlerMapping  : Mapped URL path [/foodTypeList] onto handler of type [class org.springframework.web.servlet.mvc.ParameterizableViewController]
2018-03-30 17:22:49.181  INFO 1512 --- [restartedMain] o.s.w.s.handler.SimpleUrlHandlerMapping  : Mapped URL path [/dinerList] onto handler of type [class org.springframework.web.servlet.mvc.ParameterizableViewController]
2018-03-30 17:22:49.182  INFO 1512 --- [restartedMain] o.s.w.s.handler.SimpleUrlHandlerMapping  : Mapped URL path [/orderList] onto handler of type [class org.springframework.web.servlet.mvc.ParameterizableViewController]
2018-03-30 17:22:49.183  INFO 1512 --- [restartedMain] o.s.w.s.handler.SimpleUrlHandlerMapping  : Mapped URL path [/diningTableList] onto handler of type [class org.springframework.web.servlet.mvc.ParameterizableViewController]
2018-03-30 17:22:49.183  INFO 1512 --- [restartedMain] o.s.w.s.handler.SimpleUrlHandlerMapping  : Mapped URL path [/mobileUser] onto handler of type [class org.springframework.web.servlet.mvc.ParameterizableViewController]
2018-03-30 17:22:49.183  INFO 1512 --- [restartedMain] o.s.w.s.handler.SimpleUrlHandlerMapping  : Mapped URL path [/scoreDetailList] onto handler of type [class org.springframework.web.servlet.mvc.ParameterizableViewController]
2018-03-30 17:22:49.220  INFO 1512 --- [restartedMain] o.s.w.s.handler.SimpleUrlHandlerMapping  : Mapped URL path [/webjars/**] onto handler of type [class org.springframework.web.servlet.resource.ResourceHttpRequestHandler]
2018-03-30 17:22:49.220  INFO 1512 --- [restartedMain] o.s.w.s.handler.SimpleUrlHandlerMapping  : Mapped URL path [/**] onto handler of type [class org.springframework.web.servlet.resource.ResourceHttpRequestHandler]
2018-03-30 17:22:49.278  INFO 1512 --- [restartedMain] o.s.w.s.handler.SimpleUrlHandlerMapping  : Mapped URL path [/**/favicon.ico] onto handler of type [class org.springframework.web.servlet.resource.ResourceHttpRequestHandler]
2018-03-30 17:22:49.839  INFO 1512 --- [restartedMain] o.s.s.web.DefaultSecurityFilterChain     : Creating filter chain: OrRequestMatcher [requestMatchers=[Ant [pattern='/css/**'], Ant [pattern='/js/**'], Ant [pattern='/images/**'], Ant [pattern='/webjars/**'], Ant [pattern='/**/favicon.ico'], Ant [pattern='/error']]], []
2018-03-30 17:22:49.924  INFO 1512 --- [restartedMain] o.s.s.web.DefaultSecurityFilterChain     : Creating filter chain: org.springframework.security.web.util.matcher.AnyRequestMatcher@1, [org.springframework.security.web.context.request.async.WebAsyncManagerIntegrationFilter@d1ba2c6, org.springframework.security.web.context.SecurityContextPersistenceFilter@67dadc6d, org.springframework.security.web.header.HeaderWriterFilter@1fbb2170, org.springframework.security.web.authentication.logout.LogoutFilter@655c99c3, org.springframework.security.web.authentication.UsernamePasswordAuthenticationFilter@6a1dace2, org.springframework.security.web.savedrequest.RequestCacheAwareFilter@2ed7d89a, org.springframework.security.web.servletapi.SecurityContextHolderAwareRequestFilter@13f79e72, org.springframework.security.web.authentication.AnonymousAuthenticationFilter@69442d5a, org.springframework.security.web.session.SessionManagementFilter@4cc42eb1, org.springframework.security.web.access.ExceptionTranslationFilter@15ae8d48, org.springframework.security.web.access.intercept.FilterSecurityInterceptor@4dd39f05]
2018-03-30 17:22:49.938  INFO 1512 --- [restartedMain] o.s.s.web.DefaultSecurityFilterChain     : Creating filter chain: OrRequestMatcher [requestMatchers=[Ant [pattern='/**']]], [org.springframework.security.web.context.request.async.WebAsyncManagerIntegrationFilter@3e88df2a, org.springframework.security.web.context.SecurityContextPersistenceFilter@3e311f34, org.springframework.security.web.header.HeaderWriterFilter@2dcb, org.springframework.security.web.authentication.logout.LogoutFilter@4918398f, org.springframework.security.web.authentication.www.BasicAuthenticationFilter@c19d631, org.springframework.security.web.savedrequest.RequestCacheAwareFilter@39a04380, org.springframework.security.web.servletapi.SecurityContextHolderAwareRequestFilter@38cf5f0a, org.springframework.security.web.authentication.AnonymousAuthenticationFilter@3e11f71c, org.springframework.security.web.session.SessionManagementFilter@43ffa350, org.springframework.security.web.access.ExceptionTranslationFilter@5e3b35bf, org.springframework.security.web.access.intercept.FilterSecurityInterceptor@5311b905]
2018-03-30 17:22:50.048  INFO 1512 --- [restartedMain] o.s.b.d.a.OptionalLiveReloadServer       : LiveReload server is running on port 35729
2018-03-30 17:22:50.147  INFO 1512 --- [restartedMain] o.s.j.e.a.AnnotationMBeanExporter        : Registering beans for JMX exposure on startup
2018-03-30 17:22:50.154  INFO 1512 --- [restartedMain] o.s.c.support.DefaultLifecycleProcessor  : Starting beans in phase 2147483647
2018-03-30 17:22:50.155  INFO 1512 --- [restartedMain] d.s.w.p.DocumentationPluginsBootstrapper : Context refreshed
2018-03-30 17:22:50.166  INFO 1512 --- [restartedMain] d.s.w.p.DocumentationPluginsBootstrapper : Found 1 custom documentation plugin(s)
2018-03-30 17:22:50.175  INFO 1512 --- [restartedMain] s.d.s.w.s.ApiListingReferenceScanner     : Scanning for api listing references
2018-03-30 17:22:50.215  INFO 1512 --- [restartedMain] s.b.c.e.t.TomcatEmbeddedServletContainer : Tomcat started on port(s): 8080 (http)
2018-03-30 17:22:50.219  INFO 1512 --- [restartedMain] com.mongodb.OrderApplication             : Started OrderApplication in 5.089 seconds (JVM running for 5.421)
