2018-04-09 19:50:36.168  INFO 9664 --- [restartedMain] com.mongodb.OrderApplication             : Starting OrderApplication on P-V-4 with PID 9664 (D:\Intellij-work\order\target\classes started by Administrator in D:\Intellij-work\order)
2018-04-09 19:50:36.168  INFO 9664 --- [restartedMain] com.mongodb.OrderApplication             : The following profiles are active: dev
2018-04-09 19:50:36.169  INFO 9664 --- [restartedMain] ationConfigEmbeddedWebApplicationContext : Refreshing org.springframework.boot.context.embedded.AnnotationConfigEmbeddedWebApplicationContext@4328bb9d: startup date [Mon Apr 09 19:50:36 CST 2018]; root of context hierarchy
2018-04-09 19:50:37.090  INFO 9664 --- [restartedMain] trationDelegate$BeanPostProcessorChecker : Bean 'org.springframework.security.config.annotation.configuration.ObjectPostProcessorConfiguration' of type [org.springframework.security.config.annotation.configuration.ObjectPostProcessorConfiguration$$EnhancerBySpringCGLIB$$a494b698] is not eligible for getting processed by all BeanPostProcessors (for example: not eligible for auto-proxying)
2018-04-09 19:50:37.091  INFO 9664 --- [restartedMain] trationDelegate$BeanPostProcessorChecker : Bean 'objectPostProcessor' of type [org.springframework.security.config.annotation.configuration.AutowireBeanFactoryObjectPostProcessor] is not eligible for getting processed by all BeanPostProcessors (for example: not eligible for auto-proxying)
2018-04-09 19:50:37.091  INFO 9664 --- [restartedMain] trationDelegate$BeanPostProcessorChecker : Bean 'org.springframework.security.access.expression.method.DefaultMethodSecurityExpressionHandler@6b00783a' of type [org.springframework.security.access.expression.method.DefaultMethodSecurityExpressionHandler] is not eligible for getting processed by all BeanPostProcessors (for example: not eligible for auto-proxying)
2018-04-09 19:50:37.093  INFO 9664 --- [restartedMain] trationDelegate$BeanPostProcessorChecker : Bean 'org.springframework.security.config.annotation.method.configuration.GlobalMethodSecurityConfiguration' of type [org.springframework.security.config.annotation.method.configuration.GlobalMethodSecurityConfiguration$$EnhancerBySpringCGLIB$$c969594a] is not eligible for getting processed by all BeanPostProcessors (for example: not eligible for auto-proxying)
2018-04-09 19:50:37.093  INFO 9664 --- [restartedMain] trationDelegate$BeanPostProcessorChecker : Bean 'methodSecurityMetadataSource' of type [org.springframework.security.access.method.DelegatingMethodSecurityMetadataSource] is not eligible for getting processed by all BeanPostProcessors (for example: not eligible for auto-proxying)
2018-04-09 19:50:37.164  INFO 9664 --- [restartedMain] s.b.c.e.t.TomcatEmbeddedServletContainer : Tomcat initialized with port(s): 8080 (http)
2018-04-09 19:50:37.165  INFO 9664 --- [restartedMain] o.apache.catalina.core.StandardService   : Starting service [Tomcat]
2018-04-09 19:50:37.165  INFO 9664 --- [restartedMain] org.apache.catalina.core.StandardEngine  : Starting Servlet Engine: Apache Tomcat/8.5.23
2018-04-09 19:50:37.178  INFO 9664 --- [localhost-startStop-1] o.a.c.c.C.[Tomcat].[localhost].[/]       : Initializing Spring embedded WebApplicationContext
2018-04-09 19:50:37.178  INFO 9664 --- [localhost-startStop-1] o.s.web.context.ContextLoader            : Root WebApplicationContext: initialization completed in 1009 ms
2018-04-09 19:50:37.268  INFO 9664 --- [localhost-startStop-1] o.s.b.w.servlet.FilterRegistrationBean   : Mapping filter: 'characterEncodingFilter' to: [/*]
2018-04-09 19:50:37.268  INFO 9664 --- [localhost-startStop-1] o.s.b.w.servlet.FilterRegistrationBean   : Mapping filter: 'hiddenHttpMethodFilter' to: [/*]
2018-04-09 19:50:37.268  INFO 9664 --- [localhost-startStop-1] o.s.b.w.servlet.FilterRegistrationBean   : Mapping filter: 'httpPutFormContentFilter' to: [/*]
2018-04-09 19:50:37.269  INFO 9664 --- [localhost-startStop-1] o.s.b.w.servlet.FilterRegistrationBean   : Mapping filter: 'requestContextFilter' to: [/*]
2018-04-09 19:50:37.269  INFO 9664 --- [localhost-startStop-1] .s.DelegatingFilterProxyRegistrationBean : Mapping filter: 'springSecurityFilterChain' to: [/*]
2018-04-09 19:50:37.269  INFO 9664 --- [localhost-startStop-1] o.s.b.w.servlet.ServletRegistrationBean  : Mapping servlet: 'dispatcherServlet' to [/]
2018-04-09 19:50:37.296  INFO 9664 --- [restartedMain] org.mongodb.driver.cluster               : Cluster created with settings {hosts=[49.4.70.64:27017], mode=SINGLE, requiredClusterType=UNKNOWN, serverSelectionTimeout='30000 ms', maxWaitQueueSize=500}
2018-04-09 19:50:37.472  INFO 9664 --- [cluster-ClusterId{value='5acb538dbfb5ad25c0348e3e', description='null'}-49.4.70.64:27017] org.mongodb.driver.connection            : Opened connection [connectionId{localValue:15, serverValue:283}] to 49.4.70.64:27017
2018-04-09 19:50:37.514  INFO 9664 --- [cluster-ClusterId{value='5acb538dbfb5ad25c0348e3e', description='null'}-49.4.70.64:27017] org.mongodb.driver.cluster               : Monitor thread successfully connected to server with description ServerDescription{address=49.4.70.64:27017, type=STANDALONE, state=CONNECTED, ok=true, version=ServerVersion{versionList=[3, 6, 3]}, minWireVersion=0, maxWireVersion=6, maxDocumentSize=16777216, roundTripTimeNanos=41861096}
2018-04-09 19:50:37.708  INFO 9664 --- [restartedMain] s.w.s.m.m.a.RequestMappingHandlerMapping : Mapped "{[/dict/list],methods=[POST],produces=[application/json]}" onto public java.util.Map<java.lang.String, java.lang.Object> com.mongodb.sys.controller.DictController.list(com.mongodb.sys.entity.QueryDict)
2018-04-09 19:50:37.708  INFO 9664 --- [restartedMain] s.w.s.m.m.a.RequestMappingHandlerMapping : Mapped "{[/dict/reload],methods=[POST],produces=[application/json]}" onto public java.util.Map<java.lang.String, java.lang.Object> com.mongodb.sys.controller.DictController.reload()
2018-04-09 19:50:37.708  INFO 9664 --- [restartedMain] s.w.s.m.m.a.RequestMappingHandlerMapping : Mapped "{[/dict/loadDict],methods=[POST],produces=[application/json]}" onto public java.util.Map<java.lang.String, java.lang.Object> com.mongodb.sys.controller.DictController.loadDict()
2018-04-09 19:50:37.709  INFO 9664 --- [restartedMain] s.w.s.m.m.a.RequestMappingHandlerMapping : Mapped "{[/dict/remove],methods=[POST],produces=[application/json]}" onto public java.util.Map<java.lang.String, java.lang.Object> com.mongodb.common.base.controller.MongodbBaseController.remove(T) throws java.lang.Exception
2018-04-09 19:50:37.709  INFO 9664 --- [restartedMain] s.w.s.m.m.a.RequestMappingHandlerMapping : Mapped "{[/dict/update],methods=[POST],produces=[application/json]}" onto public java.util.Map<java.lang.String, java.lang.Object> com.mongodb.common.base.controller.MongodbBaseController.update(java.lang.String,T) throws java.lang.Exception
2018-04-09 19:50:37.709  INFO 9664 --- [restartedMain] s.w.s.m.m.a.RequestMappingHandlerMapping : Mapped "{[/dict/save],methods=[POST],produces=[application/json]}" onto public java.util.Map<java.lang.String, java.lang.Object> com.mongodb.common.base.controller.MongodbBaseController.save(T) throws java.lang.Exception
2018-04-09 19:50:37.709  INFO 9664 --- [restartedMain] s.w.s.m.m.a.RequestMappingHandlerMapping : Mapped "{[/dict/removeBath],methods=[POST],produces=[application/json]}" onto public java.util.Map<java.lang.String, java.lang.Object> com.mongodb.common.base.controller.MongodbBaseController.removeBath(java.lang.String) throws java.lang.Exception
2018-04-09 19:50:37.709  INFO 9664 --- [restartedMain] s.w.s.m.m.a.RequestMappingHandlerMapping : Mapped "{[/dict/updatePage],methods=[GET],produces=[application/json]}" onto public java.lang.String com.mongodb.common.base.controller.MongodbBaseController.updatePage(java.lang.String,org.springframework.ui.Model) throws java.lang.Exception
2018-04-09 19:50:37.709  INFO 9664 --- [restartedMain] s.w.s.m.m.a.RequestMappingHandlerMapping : Mapped "{[/dict/addPage]}" onto public java.lang.String com.mongodb.common.base.controller.MongodbBaseController.addPage() throws java.lang.Exception
2018-04-09 19:50:37.710  INFO 9664 --- [restartedMain] s.w.s.m.m.a.RequestMappingHandlerMapping : Mapped "{[/group/loadGroupTree],methods=[POST],produces=[application/json]}" onto public java.util.Map<java.lang.String, java.lang.Object> com.mongodb.sys.controller.OrgGroupController.loadGroupTree()
2018-04-09 19:50:37.710  INFO 9664 --- [restartedMain] s.w.s.m.m.a.RequestMappingHandlerMapping : Mapped "{[/group/updateUserPage]}" onto public java.lang.String com.mongodb.sys.controller.OrgGroupController.updateUserPage(com.mongodb.sys.entity.User,org.springframework.ui.Model) throws java.lang.Exception
2018-04-09 19:50:37.710  INFO 9664 --- [restartedMain] s.w.s.m.m.a.RequestMappingHandlerMapping : Mapped "{[/group/updateGroupPage]}" onto public java.lang.String com.mongodb.sys.controller.OrgGroupController.updateGroupPage(com.mongodb.sys.entity.OrgGroup,org.springframework.ui.Model) throws java.lang.Exception
2018-04-09 19:50:37.710  INFO 9664 --- [restartedMain] s.w.s.m.m.a.RequestMappingHandlerMapping : Mapped "{[/group/addUserPage]}" onto public java.lang.String com.mongodb.sys.controller.OrgGroupController.addUserPage() throws java.lang.Exception
2018-04-09 19:50:37.711  INFO 9664 --- [restartedMain] s.w.s.m.m.a.RequestMappingHandlerMapping : Mapped "{[/group/userList],methods=[POST],produces=[application/json]}" onto public java.util.Map<java.lang.String, java.lang.Object> com.mongodb.sys.controller.OrgGroupController.userList(com.mongodb.sys.entity.QueryUser)
2018-04-09 19:50:37.711  INFO 9664 --- [restartedMain] s.w.s.m.m.a.RequestMappingHandlerMapping : Mapped "{[/group/addGroupPage]}" onto public java.lang.String com.mongodb.sys.controller.OrgGroupController.addPage(com.mongodb.sys.entity.OrgGroup,org.springframework.ui.Model) throws java.lang.Exception
2018-04-09 19:50:37.711  INFO 9664 --- [restartedMain] s.w.s.m.m.a.RequestMappingHandlerMapping : Mapped "{[/group/remove],methods=[POST],produces=[application/json]}" onto public java.util.Map<java.lang.String, java.lang.Object> com.mongodb.common.base.controller.MongodbBaseController.remove(T) throws java.lang.Exception
2018-04-09 19:50:37.711  INFO 9664 --- [restartedMain] s.w.s.m.m.a.RequestMappingHandlerMapping : Mapped "{[/group/update],methods=[POST],produces=[application/json]}" onto public java.util.Map<java.lang.String, java.lang.Object> com.mongodb.common.base.controller.MongodbBaseController.update(java.lang.String,T) throws java.lang.Exception
2018-04-09 19:50:37.711  INFO 9664 --- [restartedMain] s.w.s.m.m.a.RequestMappingHandlerMapping : Mapped "{[/group/save],methods=[POST],produces=[application/json]}" onto public java.util.Map<java.lang.String, java.lang.Object> com.mongodb.common.base.controller.MongodbBaseController.save(T) throws java.lang.Exception
2018-04-09 19:50:37.711  INFO 9664 --- [restartedMain] s.w.s.m.m.a.RequestMappingHandlerMapping : Mapped "{[/group/removeBath],methods=[POST],produces=[application/json]}" onto public java.util.Map<java.lang.String, java.lang.Object> com.mongodb.common.base.controller.MongodbBaseController.removeBath(java.lang.String) throws java.lang.Exception
2018-04-09 19:50:37.711  INFO 9664 --- [restartedMain] s.w.s.m.m.a.RequestMappingHandlerMapping : Mapped "{[/group/updatePage],methods=[GET],produces=[application/json]}" onto public java.lang.String com.mongodb.common.base.controller.MongodbBaseController.updatePage(java.lang.String,org.springframework.ui.Model) throws java.lang.Exception
2018-04-09 19:50:37.711  INFO 9664 --- [restartedMain] s.w.s.m.m.a.RequestMappingHandlerMapping : Mapped "{[/group/addPage]}" onto public java.lang.String com.mongodb.common.base.controller.MongodbBaseController.addPage() throws java.lang.Exception
2018-04-09 19:50:37.712  INFO 9664 --- [restartedMain] s.w.s.m.m.a.RequestMappingHandlerMapping : Mapped "{[/role/list],methods=[POST],produces=[application/json]}" onto public java.util.Map<java.lang.String, java.lang.Object> com.mongodb.sys.controller.RoleController.list(com.mongodb.sys.entity.QueryUserRole)
2018-04-09 19:50:37.712  INFO 9664 --- [restartedMain] s.w.s.m.m.a.RequestMappingHandlerMapping : Mapped "{[/role/loadRoleTree],methods=[POST],produces=[application/json]}" onto public java.util.Map<java.lang.String, java.lang.Object> com.mongodb.sys.controller.RoleController.loadRoleTree(com.mongodb.sys.entity.UserRole)
2018-04-09 19:50:37.712  INFO 9664 --- [restartedMain] s.w.s.m.m.a.RequestMappingHandlerMapping : Mapped "{[/role/remove],methods=[POST],produces=[application/json]}" onto public java.util.Map<java.lang.String, java.lang.Object> com.mongodb.common.base.controller.MongodbBaseController.remove(T) throws java.lang.Exception
2018-04-09 19:50:37.712  INFO 9664 --- [restartedMain] s.w.s.m.m.a.RequestMappingHandlerMapping : Mapped "{[/role/update],methods=[POST],produces=[application/json]}" onto public java.util.Map<java.lang.String, java.lang.Object> com.mongodb.common.base.controller.MongodbBaseController.update(java.lang.String,T) throws java.lang.Exception
2018-04-09 19:50:37.712  INFO 9664 --- [restartedMain] s.w.s.m.m.a.RequestMappingHandlerMapping : Mapped "{[/role/save],methods=[POST],produces=[application/json]}" onto public java.util.Map<java.lang.String, java.lang.Object> com.mongodb.common.base.controller.MongodbBaseController.save(T) throws java.lang.Exception
2018-04-09 19:50:37.713  INFO 9664 --- [restartedMain] s.w.s.m.m.a.RequestMappingHandlerMapping : Mapped "{[/role/removeBath],methods=[POST],produces=[application/json]}" onto public java.util.Map<java.lang.String, java.lang.Object> com.mongodb.common.base.controller.MongodbBaseController.removeBath(java.lang.String) throws java.lang.Exception
2018-04-09 19:50:37.713  INFO 9664 --- [restartedMain] s.w.s.m.m.a.RequestMappingHandlerMapping : Mapped "{[/role/updatePage],methods=[GET],produces=[application/json]}" onto public java.lang.String com.mongodb.common.base.controller.MongodbBaseController.updatePage(java.lang.String,org.springframework.ui.Model) throws java.lang.Exception
2018-04-09 19:50:37.713  INFO 9664 --- [restartedMain] s.w.s.m.m.a.RequestMappingHandlerMapping : Mapped "{[/role/addPage]}" onto public java.lang.String com.mongodb.common.base.controller.MongodbBaseController.addPage() throws java.lang.Exception
2018-04-09 19:50:37.714  INFO 9664 --- [restartedMain] s.w.s.m.m.a.RequestMappingHandlerMapping : Mapped "{[/tree/addTreePage]}" onto public java.lang.String com.mongodb.sys.controller.TreeController.addPage(com.mongodb.sys.entity.Tree,org.springframework.ui.Model) throws java.lang.Exception
2018-04-09 19:50:37.714  INFO 9664 --- [restartedMain] s.w.s.m.m.a.RequestMappingHandlerMapping : Mapped "{[/tree/updateTreePage]}" onto public java.lang.String com.mongodb.sys.controller.TreeController.updateTreePage(com.mongodb.sys.entity.Tree,org.springframework.ui.Model) throws java.lang.Exception
2018-04-09 19:50:37.714  INFO 9664 --- [restartedMain] s.w.s.m.m.a.RequestMappingHandlerMapping : Mapped "{[/tree/loadUserTree],methods=[POST],produces=[application/json]}" onto public java.util.Map<java.lang.String, java.lang.Object> com.mongodb.sys.controller.TreeController.loadUserTree()
2018-04-09 19:50:37.714  INFO 9664 --- [restartedMain] s.w.s.m.m.a.RequestMappingHandlerMapping : Mapped "{[/tree/remove],methods=[POST],produces=[application/json]}" onto public java.util.Map<java.lang.String, java.lang.Object> com.mongodb.common.base.controller.MongodbBaseController.remove(T) throws java.lang.Exception
2018-04-09 19:50:37.714  INFO 9664 --- [restartedMain] s.w.s.m.m.a.RequestMappingHandlerMapping : Mapped "{[/tree/update],methods=[POST],produces=[application/json]}" onto public java.util.Map<java.lang.String, java.lang.Object> com.mongodb.common.base.controller.MongodbBaseController.update(java.lang.String,T) throws java.lang.Exception
2018-04-09 19:50:37.714  INFO 9664 --- [restartedMain] s.w.s.m.m.a.RequestMappingHandlerMapping : Mapped "{[/tree/save],methods=[POST],produces=[application/json]}" onto public java.util.Map<java.lang.String, java.lang.Object> com.mongodb.common.base.controller.MongodbBaseController.save(T) throws java.lang.Exception
2018-04-09 19:50:37.714  INFO 9664 --- [restartedMain] s.w.s.m.m.a.RequestMappingHandlerMapping : Mapped "{[/tree/removeBath],methods=[POST],produces=[application/json]}" onto public java.util.Map<java.lang.String, java.lang.Object> com.mongodb.common.base.controller.MongodbBaseController.removeBath(java.lang.String) throws java.lang.Exception
2018-04-09 19:50:37.715  INFO 9664 --- [restartedMain] s.w.s.m.m.a.RequestMappingHandlerMapping : Mapped "{[/tree/updatePage],methods=[GET],produces=[application/json]}" onto public java.lang.String com.mongodb.common.base.controller.MongodbBaseController.updatePage(java.lang.String,org.springframework.ui.Model) throws java.lang.Exception
2018-04-09 19:50:37.715  INFO 9664 --- [restartedMain] s.w.s.m.m.a.RequestMappingHandlerMapping : Mapped "{[/tree/addPage]}" onto public java.lang.String com.mongodb.common.base.controller.MongodbBaseController.addPage() throws java.lang.Exception
2018-04-09 19:50:37.715  INFO 9664 --- [restartedMain] s.w.s.m.m.a.RequestMappingHandlerMapping : Mapped "{[/user/list],methods=[POST],produces=[application/json]}" onto public java.util.Map<java.lang.String, java.lang.Object> com.mongodb.sys.controller.UserController.list(com.mongodb.sys.entity.QueryUser)
2018-04-09 19:50:37.716  INFO 9664 --- [restartedMain] s.w.s.m.m.a.RequestMappingHandlerMapping : Mapped "{[/user/userControl]}" onto public java.util.Map<java.lang.String, java.lang.Object> com.mongodb.sys.controller.UserController.userControl(com.mongodb.sys.entity.User) throws java.lang.Exception
2018-04-09 19:50:37.716  INFO 9664 --- [restartedMain] s.w.s.m.m.a.RequestMappingHandlerMapping : Mapped "{[/user/loadRoles],methods=[POST],produces=[application/json]}" onto public java.util.Map<java.lang.String, java.lang.Object> com.mongodb.sys.controller.UserController.loadRoles()
2018-04-09 19:50:37.716  INFO 9664 --- [restartedMain] s.w.s.m.m.a.RequestMappingHandlerMapping : Mapped "{[/user/mainTree],methods=[POST],produces=[application/json]}" onto public java.util.Map<java.lang.String, java.lang.Object> com.mongodb.sys.controller.UserController.mainTree()
2018-04-09 19:50:37.716  INFO 9664 --- [restartedMain] s.w.s.m.m.a.RequestMappingHandlerMapping : Mapped "{[/user/remove],methods=[POST],produces=[application/json]}" onto public java.util.Map<java.lang.String, java.lang.Object> com.mongodb.common.base.controller.MongodbBaseController.remove(T) throws java.lang.Exception
2018-04-09 19:50:37.717  INFO 9664 --- [restartedMain] s.w.s.m.m.a.RequestMappingHandlerMapping : Mapped "{[/user/update],methods=[POST],produces=[application/json]}" onto public java.util.Map<java.lang.String, java.lang.Object> com.mongodb.common.base.controller.MongodbBaseController.update(java.lang.String,T) throws java.lang.Exception
2018-04-09 19:50:37.717  INFO 9664 --- [restartedMain] s.w.s.m.m.a.RequestMappingHandlerMapping : Mapped "{[/user/save],methods=[POST],produces=[application/json]}" onto public java.util.Map<java.lang.String, java.lang.Object> com.mongodb.common.base.controller.MongodbBaseController.save(T) throws java.lang.Exception
2018-04-09 19:50:37.717  INFO 9664 --- [restartedMain] s.w.s.m.m.a.RequestMappingHandlerMapping : Mapped "{[/user/removeBath],methods=[POST],produces=[application/json]}" onto public java.util.Map<java.lang.String, java.lang.Object> com.mongodb.common.base.controller.MongodbBaseController.removeBath(java.lang.String) throws java.lang.Exception
2018-04-09 19:50:37.717  INFO 9664 --- [restartedMain] s.w.s.m.m.a.RequestMappingHandlerMapping : Mapped "{[/user/updatePage],methods=[GET],produces=[application/json]}" onto public java.lang.String com.mongodb.common.base.controller.MongodbBaseController.updatePage(java.lang.String,org.springframework.ui.Model) throws java.lang.Exception
2018-04-09 19:50:37.717  INFO 9664 --- [restartedMain] s.w.s.m.m.a.RequestMappingHandlerMapping : Mapped "{[/user/addPage]}" onto public java.lang.String com.mongodb.common.base.controller.MongodbBaseController.addPage() throws java.lang.Exception
2018-04-09 19:50:37.717  INFO 9664 --- [restartedMain] s.w.s.m.m.a.RequestMappingHandlerMapping : Mapped "{[/v2/api-docs],methods=[GET],produces=[application/json || application/hal+json]}" onto public org.springframework.http.ResponseEntity<springfox.documentation.spring.web.json.Json> springfox.documentation.swagger2.web.Swagger2Controller.getDocumentation(java.lang.String,javax.servlet.http.HttpServletRequest)
2018-04-09 19:50:37.718  INFO 9664 --- [restartedMain] s.w.s.m.m.a.RequestMappingHandlerMapping : Mapped "{[/swagger-resources]}" onto org.springframework.http.ResponseEntity<java.util.List<springfox.documentation.swagger.web.SwaggerResource>> springfox.documentation.swagger.web.ApiResourceController.swaggerResources()
2018-04-09 19:50:37.718  INFO 9664 --- [restartedMain] s.w.s.m.m.a.RequestMappingHandlerMapping : Mapped "{[/swagger-resources/configuration/ui]}" onto org.springframework.http.ResponseEntity<springfox.documentation.swagger.web.UiConfiguration> springfox.documentation.swagger.web.ApiResourceController.uiConfiguration()
2018-04-09 19:50:37.719  INFO 9664 --- [restartedMain] s.w.s.m.m.a.RequestMappingHandlerMapping : Mapped "{[/swagger-resources/configuration/security]}" onto org.springframework.http.ResponseEntity<springfox.documentation.swagger.web.SecurityConfiguration> springfox.documentation.swagger.web.ApiResourceController.securityConfiguration()
2018-04-09 19:50:37.720  INFO 9664 --- [restartedMain] s.w.s.m.m.a.RequestMappingHandlerMapping : Mapped "{[/error]}" onto public org.springframework.http.ResponseEntity<java.util.Map<java.lang.String, java.lang.Object>> org.springframework.boot.autoconfigure.web.BasicErrorController.error(javax.servlet.http.HttpServletRequest)
2018-04-09 19:50:37.720  INFO 9664 --- [restartedMain] s.w.s.m.m.a.RequestMappingHandlerMapping : Mapped "{[/error],produces=[text/html]}" onto public org.springframework.web.servlet.ModelAndView org.springframework.boot.autoconfigure.web.BasicErrorController.errorHtml(javax.servlet.http.HttpServletRequest,javax.servlet.http.HttpServletResponse)
2018-04-09 19:50:37.912  INFO 9664 --- [restartedMain] s.w.s.m.m.a.RequestMappingHandlerAdapter : Looking for @ControllerAdvice: org.springframework.boot.context.embedded.AnnotationConfigEmbeddedWebApplicationContext@4328bb9d: startup date [Mon Apr 09 19:50:36 CST 2018]; root of context hierarchy
2018-04-09 19:50:37.943  INFO 9664 --- [restartedMain] o.s.w.s.handler.SimpleUrlHandlerMapping  : Mapped URL path [/login] onto handler of type [class org.springframework.web.servlet.mvc.ParameterizableViewController]
2018-04-09 19:50:37.943  INFO 9664 --- [restartedMain] o.s.w.s.handler.SimpleUrlHandlerMapping  : Mapped URL path [/main] onto handler of type [class org.springframework.web.servlet.mvc.ParameterizableViewController]
2018-04-09 19:50:37.943  INFO 9664 --- [restartedMain] o.s.w.s.handler.SimpleUrlHandlerMapping  : Mapped URL path [/error] onto handler of type [class org.springframework.web.servlet.mvc.ParameterizableViewController]
2018-04-09 19:50:37.943  INFO 9664 --- [restartedMain] o.s.w.s.handler.SimpleUrlHandlerMapping  : Mapped URL path [/home] onto handler of type [class org.springframework.web.servlet.mvc.ParameterizableViewController]
2018-04-09 19:50:37.943  INFO 9664 --- [restartedMain] o.s.w.s.handler.SimpleUrlHandlerMapping  : Mapped URL path [/upload] onto handler of type [class org.springframework.web.servlet.mvc.ParameterizableViewController]
2018-04-09 19:50:37.943  INFO 9664 --- [restartedMain] o.s.w.s.handler.SimpleUrlHandlerMapping  : Mapped URL path [/dictList] onto handler of type [class org.springframework.web.servlet.mvc.ParameterizableViewController]
2018-04-09 19:50:37.943  INFO 9664 --- [restartedMain] o.s.w.s.handler.SimpleUrlHandlerMapping  : Mapped URL path [/userRoleList] onto handler of type [class org.springframework.web.servlet.mvc.ParameterizableViewController]
2018-04-09 19:50:37.943  INFO 9664 --- [restartedMain] o.s.w.s.handler.SimpleUrlHandlerMapping  : Mapped URL path [/groupList] onto handler of type [class org.springframework.web.servlet.mvc.ParameterizableViewController]
2018-04-09 19:50:37.943  INFO 9664 --- [restartedMain] o.s.w.s.handler.SimpleUrlHandlerMapping  : Mapped URL path [/userList] onto handler of type [class org.springframework.web.servlet.mvc.ParameterizableViewController]
2018-04-09 19:50:37.943  INFO 9664 --- [restartedMain] o.s.w.s.handler.SimpleUrlHandlerMapping  : Mapped URL path [/treeList] onto handler of type [class org.springframework.web.servlet.mvc.ParameterizableViewController]
2018-04-09 19:50:37.943  INFO 9664 --- [restartedMain] o.s.w.s.handler.SimpleUrlHandlerMapping  : Mapped URL path [/diningTable] onto handler of type [class org.springframework.web.servlet.mvc.ParameterizableViewController]
2018-04-09 19:50:37.943  INFO 9664 --- [restartedMain] o.s.w.s.handler.SimpleUrlHandlerMapping  : Mapped URL path [/foodTypeList] onto handler of type [class org.springframework.web.servlet.mvc.ParameterizableViewController]
2018-04-09 19:50:37.943  INFO 9664 --- [restartedMain] o.s.w.s.handler.SimpleUrlHandlerMapping  : Mapped URL path [/dinerList] onto handler of type [class org.springframework.web.servlet.mvc.ParameterizableViewController]
2018-04-09 19:50:37.943  INFO 9664 --- [restartedMain] o.s.w.s.handler.SimpleUrlHandlerMapping  : Mapped URL path [/orderList] onto handler of type [class org.springframework.web.servlet.mvc.ParameterizableViewController]
2018-04-09 19:50:37.945  INFO 9664 --- [restartedMain] o.s.w.s.handler.SimpleUrlHandlerMapping  : Mapped URL path [/diningTableList] onto handler of type [class org.springframework.web.servlet.mvc.ParameterizableViewController]
2018-04-09 19:50:37.945  INFO 9664 --- [restartedMain] o.s.w.s.handler.SimpleUrlHandlerMapping  : Mapped URL path [/mobileUser] onto handler of type [class org.springframework.web.servlet.mvc.ParameterizableViewController]
2018-04-09 19:50:37.945  INFO 9664 --- [restartedMain] o.s.w.s.handler.SimpleUrlHandlerMapping  : Mapped URL path [/scoreDetailList] onto handler of type [class org.springframework.web.servlet.mvc.ParameterizableViewController]
2018-04-09 19:50:37.976  INFO 9664 --- [restartedMain] o.s.w.s.handler.SimpleUrlHandlerMapping  : Mapped URL path [/webjars/**] onto handler of type [class org.springframework.web.servlet.resource.ResourceHttpRequestHandler]
2018-04-09 19:50:37.976  INFO 9664 --- [restartedMain] o.s.w.s.handler.SimpleUrlHandlerMapping  : Mapped URL path [/**] onto handler of type [class org.springframework.web.servlet.resource.ResourceHttpRequestHandler]
2018-04-09 19:50:38.014  INFO 9664 --- [restartedMain] o.s.w.s.handler.SimpleUrlHandlerMapping  : Mapped URL path [/**/favicon.ico] onto handler of type [class org.springframework.web.servlet.resource.ResourceHttpRequestHandler]
2018-04-09 19:50:38.162  INFO 9664 --- [restartedMain] o.s.s.web.DefaultSecurityFilterChain     : Creating filter chain: OrRequestMatcher [requestMatchers=[Ant [pattern='/api/*'], Ant [pattern='/css/*'], Ant [pattern='/js/*'], Ant [pattern='/images/*'], Ant [pattern='/fonts/*'], Ant [pattern='/font-awesome/*'], Ant [pattern='/error']]], []
2018-04-09 19:50:38.187  INFO 9664 --- [restartedMain] o.s.s.web.DefaultSecurityFilterChain     : Creating filter chain: org.springframework.security.web.util.matcher.AnyRequestMatcher@1, [org.springframework.security.web.context.request.async.WebAsyncManagerIntegrationFilter@2ea4d8eb, org.springframework.security.web.context.SecurityContextPersistenceFilter@2e398c73, org.springframework.security.web.header.HeaderWriterFilter@5cf4c972, org.springframework.security.web.authentication.logout.LogoutFilter@47ab9fca, org.springframework.security.web.authentication.UsernamePasswordAuthenticationFilter@1803f482, org.springframework.security.web.savedrequest.RequestCacheAwareFilter@11af1fe7, org.springframework.security.web.servletapi.SecurityContextHolderAwareRequestFilter@6beaebf9, org.springframework.security.web.authentication.AnonymousAuthenticationFilter@2f1959c0, org.springframework.security.web.session.SessionManagementFilter@76cb44da, org.springframework.security.web.access.ExceptionTranslationFilter@29d2cf7c, org.springframework.security.web.access.intercept.FilterSecurityInterceptor@3731f540]
2018-04-09 19:50:38.192  INFO 9664 --- [restartedMain] o.s.s.web.DefaultSecurityFilterChain     : Creating filter chain: OrRequestMatcher [requestMatchers=[Ant [pattern='/**']]], [org.springframework.security.web.context.request.async.WebAsyncManagerIntegrationFilter@17e6162b, org.springframework.security.web.context.SecurityContextPersistenceFilter@44b831ab, org.springframework.security.web.header.HeaderWriterFilter@9c50bc1, org.springframework.security.web.authentication.logout.LogoutFilter@57908f87, org.springframework.security.web.authentication.www.BasicAuthenticationFilter@52a0c9b7, org.springframework.security.web.savedrequest.RequestCacheAwareFilter@4f804704, org.springframework.security.web.servletapi.SecurityContextHolderAwareRequestFilter@6e3ad636, org.springframework.security.web.authentication.AnonymousAuthenticationFilter@701d1cf, org.springframework.security.web.session.SessionManagementFilter@6f6acf31, org.springframework.security.web.access.ExceptionTranslationFilter@6c1cf5e5, org.springframework.security.web.access.intercept.FilterSecurityInterceptor@20e03fbb]
2018-04-09 19:50:38.267  INFO 9664 --- [restartedMain] o.s.b.d.a.OptionalLiveReloadServer       : LiveReload server is running on port 35729
2018-04-09 19:50:38.379  INFO 9664 --- [restartedMain] o.s.j.e.a.AnnotationMBeanExporter        : Registering beans for JMX exposure on startup
2018-04-09 19:50:38.383  INFO 9664 --- [restartedMain] o.s.c.support.DefaultLifecycleProcessor  : Starting beans in phase 2147483647
2018-04-09 19:50:38.383  INFO 9664 --- [restartedMain] d.s.w.p.DocumentationPluginsBootstrapper : Context refreshed
2018-04-09 19:50:38.383  INFO 9664 --- [restartedMain] d.s.w.p.DocumentationPluginsBootstrapper : Found 1 custom documentation plugin(s)
2018-04-09 19:50:38.386  INFO 9664 --- [restartedMain] s.d.s.w.s.ApiListingReferenceScanner     : Scanning for api listing references
2018-04-09 19:50:38.431  INFO 9664 --- [restartedMain] .d.s.w.r.o.CachingOperationNameGenerator : Generating unique operation named: removeUsingPOST_1
2018-04-09 19:50:38.435  INFO 9664 --- [restartedMain] .d.s.w.r.o.CachingOperationNameGenerator : Generating unique operation named: removeBathUsingPOST_1
2018-04-09 19:50:38.438  INFO 9664 --- [restartedMain] .d.s.w.r.o.CachingOperationNameGenerator : Generating unique operation named: saveUsingPOST_1
2018-04-09 19:50:38.441  INFO 9664 --- [restartedMain] .d.s.w.r.o.CachingOperationNameGenerator : Generating unique operation named: updateUsingPOST_1
2018-04-09 19:50:38.452  INFO 9664 --- [restartedMain] .d.s.w.r.o.CachingOperationNameGenerator : Generating unique operation named: listUsingPOST_1
2018-04-09 19:50:38.461  INFO 9664 --- [restartedMain] .d.s.w.r.o.CachingOperationNameGenerator : Generating unique operation named: removeUsingPOST_2
2018-04-09 19:50:38.464  INFO 9664 --- [restartedMain] .d.s.w.r.o.CachingOperationNameGenerator : Generating unique operation named: removeBathUsingPOST_2
2018-04-09 19:50:38.467  INFO 9664 --- [restartedMain] .d.s.w.r.o.CachingOperationNameGenerator : Generating unique operation named: saveUsingPOST_2
2018-04-09 19:50:38.470  INFO 9664 --- [restartedMain] .d.s.w.r.o.CachingOperationNameGenerator : Generating unique operation named: updateUsingPOST_2
2018-04-09 19:50:38.476  INFO 9664 --- [restartedMain] .d.s.w.r.o.CachingOperationNameGenerator : Generating unique operation named: removeUsingPOST_3
2018-04-09 19:50:38.480  INFO 9664 --- [restartedMain] .d.s.w.r.o.CachingOperationNameGenerator : Generating unique operation named: removeBathUsingPOST_3
2018-04-09 19:50:38.483  INFO 9664 --- [restartedMain] .d.s.w.r.o.CachingOperationNameGenerator : Generating unique operation named: saveUsingPOST_3
2018-04-09 19:50:38.486  INFO 9664 --- [restartedMain] .d.s.w.r.o.CachingOperationNameGenerator : Generating unique operation named: updateUsingPOST_3
2018-04-09 19:50:38.490  INFO 9664 --- [restartedMain] .d.s.w.r.o.CachingOperationNameGenerator : Generating unique operation named: listUsingPOST_2
2018-04-09 19:50:38.503  INFO 9664 --- [restartedMain] .d.s.w.r.o.CachingOperationNameGenerator : Generating unique operation named: removeUsingPOST_4
2018-04-09 19:50:38.507  INFO 9664 --- [restartedMain] .d.s.w.r.o.CachingOperationNameGenerator : Generating unique operation named: removeBathUsingPOST_4
2018-04-09 19:50:38.510  INFO 9664 --- [restartedMain] .d.s.w.r.o.CachingOperationNameGenerator : Generating unique operation named: saveUsingPOST_4
2018-04-09 19:50:38.514  INFO 9664 --- [restartedMain] .d.s.w.r.o.CachingOperationNameGenerator : Generating unique operation named: updateUsingPOST_4
2018-04-09 19:50:38.547  INFO 9664 --- [restartedMain] s.b.c.e.t.TomcatEmbeddedServletContainer : Tomcat started on port(s): 8080 (http)
2018-04-09 19:50:38.548  INFO 9664 --- [restartedMain] c.m.common.config.init.InitDictCache     : -------------初始化数据字典-------------
2018-04-09 19:50:38.725  INFO 9664 --- [restartedMain] org.mongodb.driver.connection            : Opened connection [connectionId{localValue:16, serverValue:284}] to 49.4.70.64:27017
2018-04-09 19:50:38.771  INFO 9664 --- [restartedMain] c.m.common.config.init.InitDictCache     : -------------完成数据字典初始化-------------
2018-04-09 19:50:38.772  INFO 9664 --- [restartedMain] com.mongodb.OrderApplication             : Started OrderApplication in 2.636 seconds (JVM running for 23819.01)
2018-04-09 19:57:23.933  INFO 9664 --- [Thread-46] ationConfigEmbeddedWebApplicationContext : Closing org.springframework.boot.context.embedded.AnnotationConfigEmbeddedWebApplicationContext@4328bb9d: startup date [Mon Apr 09 19:50:36 CST 2018]; root of context hierarchy
2018-04-09 19:57:23.936  INFO 9664 --- [Thread-46] o.s.c.support.DefaultLifecycleProcessor  : Stopping beans in phase 2147483647
2018-04-09 19:57:23.936  INFO 9664 --- [Thread-46] o.s.j.e.a.AnnotationMBeanExporter        : Unregistering JMX-exposed beans on shutdown
2018-04-09 19:57:23.938  INFO 9664 --- [Thread-46] org.mongodb.driver.connection            : Closed connection [connectionId{localValue:16, serverValue:284}] to 49.4.70.64:27017 because the pool has been closed.
